<?xml version="1.0" encoding="UTF-8"?>
<testsuite xmlns:xsi="http://www.w3.org/2001/XMLSchema-instance" xsi:noNamespaceSchemaLocation="https://maven.apache.org/surefire/maven-surefire-plugin/xsd/surefire-test-report.xsd" version="3.0.2" name="com.cuenta.contador.MyResourceTest" time="1.965" tests="1" errors="0" skipped="0" failures="0">
  <properties>
    <property name="java.specification.version" value="23"/>
    <property name="sun.jnu.encoding" value="UTF-8"/>
    <property name="java.class.path" value="/Users/michelle/code/contador/target/test-classes:/Users/michelle/code/contador/target/classes:/Users/michelle/.m2/repository/org/glassfish/jersey/containers/jersey-container-grizzly2-http/2.46/jersey-container-grizzly2-http-2.46.jar:/Users/michelle/.m2/repository/org/glassfish/hk2/external/jakarta.inject/2.6.1/jakarta.inject-2.6.1.jar:/Users/michelle/.m2/repository/org/glassfish/grizzly/grizzly-http-server/2.4.4/grizzly-http-server-2.4.4.jar:/Users/michelle/.m2/repository/org/glassfish/grizzly/grizzly-http/2.4.4/grizzly-http-2.4.4.jar:/Users/michelle/.m2/repository/org/glassfish/grizzly/grizzly-framework/2.4.4/grizzly-framework-2.4.4.jar:/Users/michelle/.m2/repository/org/glassfish/jersey/core/jersey-common/2.46/jersey-common-2.46.jar:/Users/michelle/.m2/repository/jakarta/annotation/jakarta.annotation-api/1.3.5/jakarta.annotation-api-1.3.5.jar:/Users/michelle/.m2/repository/org/glassfish/hk2/osgi-resource-locator/1.0.3/osgi-resource-locator-1.0.3.jar:/Users/michelle/.m2/repository/org/glassfish/jersey/core/jersey-server/2.46/jersey-server-2.46.jar:/Users/michelle/.m2/repository/org/glassfish/jersey/core/jersey-client/2.46/jersey-client-2.46.jar:/Users/michelle/.m2/repository/jakarta/validation/jakarta.validation-api/2.0.2/jakarta.validation-api-2.0.2.jar:/Users/michelle/.m2/repository/jakarta/ws/rs/jakarta.ws.rs-api/2.1.6/jakarta.ws.rs-api-2.1.6.jar:/Users/michelle/.m2/repository/org/glassfish/jersey/inject/jersey-hk2/2.46/jersey-hk2-2.46.jar:/Users/michelle/.m2/repository/org/glassfish/hk2/hk2-locator/2.6.1/hk2-locator-2.6.1.jar:/Users/michelle/.m2/repository/org/glassfish/hk2/external/aopalliance-repackaged/2.6.1/aopalliance-repackaged-2.6.1.jar:/Users/michelle/.m2/repository/org/glassfish/hk2/hk2-api/2.6.1/hk2-api-2.6.1.jar:/Users/michelle/.m2/repository/org/glassfish/hk2/hk2-utils/2.6.1/hk2-utils-2.6.1.jar:/Users/michelle/.m2/repository/org/javassist/javassist/3.30.2-GA/javassist-3.30.2-GA.jar:/Users/michelle/.m2/repository/com/fasterxml/jackson/core/jackson-core/2.9.6/jackson-core-2.9.6.jar:/Users/michelle/.m2/repository/com/fasterxml/jackson/core/jackson-annotations/2.9.6/jackson-annotations-2.9.6.jar:/Users/michelle/.m2/repository/com/fasterxml/jackson/core/jackson-databind/2.9.6/jackson-databind-2.9.6.jar:/Users/michelle/.m2/repository/org/glassfish/jersey/media/jersey-media-json-jackson/2.23.1/jersey-media-json-jackson-2.23.1.jar:/Users/michelle/.m2/repository/org/glassfish/jersey/ext/jersey-entity-filtering/2.46/jersey-entity-filtering-2.46.jar:/Users/michelle/.m2/repository/com/fasterxml/jackson/jaxrs/jackson-jaxrs-base/2.5.4/jackson-jaxrs-base-2.5.4.jar:/Users/michelle/.m2/repository/com/fasterxml/jackson/jaxrs/jackson-jaxrs-json-provider/2.5.4/jackson-jaxrs-json-provider-2.5.4.jar:/Users/michelle/.m2/repository/com/fasterxml/jackson/module/jackson-module-jaxb-annotations/2.5.4/jackson-module-jaxb-annotations-2.5.4.jar:/Users/michelle/.m2/repository/org/jooq/jooq/3.19.16/jooq-3.19.16.jar:/Users/michelle/.m2/repository/io/r2dbc/r2dbc-spi/1.0.0.RELEASE/r2dbc-spi-1.0.0.RELEASE.jar:/Users/michelle/.m2/repository/org/reactivestreams/reactive-streams/1.0.3/reactive-streams-1.0.3.jar:/Users/michelle/.m2/repository/org/jooq/jooq-meta/3.19.16/jooq-meta-3.19.16.jar:/Users/michelle/.m2/repository/jakarta/xml/bind/jakarta.xml.bind-api/4.0.0/jakarta.xml.bind-api-4.0.0.jar:/Users/michelle/.m2/repository/jakarta/activation/jakarta.activation-api/2.1.0/jakarta.activation-api-2.1.0.jar:/Users/michelle/.m2/repository/org/jooq/jooq-codegen/3.19.16/jooq-codegen-3.19.16.jar:/Users/michelle/.m2/repository/org/junit/jupiter/junit-jupiter/5.11.0/junit-jupiter-5.11.0.jar:/Users/michelle/.m2/repository/org/junit/jupiter/junit-jupiter-api/5.11.0/junit-jupiter-api-5.11.0.jar:/Users/michelle/.m2/repository/org/opentest4j/opentest4j/1.3.0/opentest4j-1.3.0.jar:/Users/michelle/.m2/repository/org/junit/platform/junit-platform-commons/1.11.0/junit-platform-commons-1.11.0.jar:/Users/michelle/.m2/repository/org/apiguardian/apiguardian-api/1.1.2/apiguardian-api-1.1.2.jar:/Users/michelle/.m2/repository/org/junit/jupiter/junit-jupiter-params/5.11.0/junit-jupiter-params-5.11.0.jar:/Users/michelle/.m2/repository/org/junit/jupiter/junit-jupiter-engine/5.11.0/junit-jupiter-engine-5.11.0.jar:/Users/michelle/.m2/repository/org/junit/platform/junit-platform-engine/1.11.0/junit-platform-engine-1.11.0.jar:/Users/michelle/.m2/repository/com/mysql/mysql-connector-j/9.1.0/mysql-connector-j-9.1.0.jar:/Users/michelle/.m2/repository/com/google/protobuf/protobuf-java/4.26.1/protobuf-java-4.26.1.jar:/Users/michelle/.m2/repository/org/flywaydb/flyway-core/11.1.0/flyway-core-11.1.0.jar:/Users/michelle/.m2/repository/com/fasterxml/jackson/dataformat/jackson-dataformat-toml/2.15.2/jackson-dataformat-toml-2.15.2.jar:/Users/michelle/.m2/repository/com/fasterxml/jackson/datatype/jackson-datatype-jsr310/2.15.2/jackson-datatype-jsr310-2.15.2.jar:/Users/michelle/.m2/repository/org/flywaydb/flyway-mysql/11.1.0/flyway-mysql-11.1.0.jar:"/>
    <property name="java.vm.vendor" value="Homebrew"/>
    <property name="sun.arch.data.model" value="64"/>
    <property name="java.vendor.url" value="https://github.com/Homebrew/homebrew-core/issues"/>
    <property name="user.timezone" value="America/New_York"/>
    <property name="os.name" value="Mac OS X"/>
    <property name="java.vm.specification.version" value="23"/>
    <property name="sun.java.launcher" value="SUN_STANDARD"/>
    <property name="user.country" value="US"/>
    <property name="sun.boot.library.path" value="/opt/homebrew/Cellar/openjdk/23.0.1/libexec/openjdk.jdk/Contents/Home/lib"/>
    <property name="sun.java.command" value="/Users/michelle/code/contador/target/surefire/surefirebooter-20250112170355731_3.jar /Users/michelle/code/contador/target/surefire 2025-01-12T17-03-55_538-jvmRun1 surefire-20250112170355731_1tmp surefire_0-20250112170355731_2tmp"/>
    <property name="http.nonProxyHosts" value="local|*.local|169.254/16|*.169.254/16"/>
    <property name="jdk.debug" value="release"/>
    <property name="surefire.test.class.path" value="/Users/michelle/code/contador/target/test-classes:/Users/michelle/code/contador/target/classes:/Users/michelle/.m2/repository/org/glassfish/jersey/containers/jersey-container-grizzly2-http/2.46/jersey-container-grizzly2-http-2.46.jar:/Users/michelle/.m2/repository/org/glassfish/hk2/external/jakarta.inject/2.6.1/jakarta.inject-2.6.1.jar:/Users/michelle/.m2/repository/org/glassfish/grizzly/grizzly-http-server/2.4.4/grizzly-http-server-2.4.4.jar:/Users/michelle/.m2/repository/org/glassfish/grizzly/grizzly-http/2.4.4/grizzly-http-2.4.4.jar:/Users/michelle/.m2/repository/org/glassfish/grizzly/grizzly-framework/2.4.4/grizzly-framework-2.4.4.jar:/Users/michelle/.m2/repository/org/glassfish/jersey/core/jersey-common/2.46/jersey-common-2.46.jar:/Users/michelle/.m2/repository/jakarta/annotation/jakarta.annotation-api/1.3.5/jakarta.annotation-api-1.3.5.jar:/Users/michelle/.m2/repository/org/glassfish/hk2/osgi-resource-locator/1.0.3/osgi-resource-locator-1.0.3.jar:/Users/michelle/.m2/repository/org/glassfish/jersey/core/jersey-server/2.46/jersey-server-2.46.jar:/Users/michelle/.m2/repository/org/glassfish/jersey/core/jersey-client/2.46/jersey-client-2.46.jar:/Users/michelle/.m2/repository/jakarta/validation/jakarta.validation-api/2.0.2/jakarta.validation-api-2.0.2.jar:/Users/michelle/.m2/repository/jakarta/ws/rs/jakarta.ws.rs-api/2.1.6/jakarta.ws.rs-api-2.1.6.jar:/Users/michelle/.m2/repository/org/glassfish/jersey/inject/jersey-hk2/2.46/jersey-hk2-2.46.jar:/Users/michelle/.m2/repository/org/glassfish/hk2/hk2-locator/2.6.1/hk2-locator-2.6.1.jar:/Users/michelle/.m2/repository/org/glassfish/hk2/external/aopalliance-repackaged/2.6.1/aopalliance-repackaged-2.6.1.jar:/Users/michelle/.m2/repository/org/glassfish/hk2/hk2-api/2.6.1/hk2-api-2.6.1.jar:/Users/michelle/.m2/repository/org/glassfish/hk2/hk2-utils/2.6.1/hk2-utils-2.6.1.jar:/Users/michelle/.m2/repository/org/javassist/javassist/3.30.2-GA/javassist-3.30.2-GA.jar:/Users/michelle/.m2/repository/com/fasterxml/jackson/core/jackson-core/2.9.6/jackson-core-2.9.6.jar:/Users/michelle/.m2/repository/com/fasterxml/jackson/core/jackson-annotations/2.9.6/jackson-annotations-2.9.6.jar:/Users/michelle/.m2/repository/com/fasterxml/jackson/core/jackson-databind/2.9.6/jackson-databind-2.9.6.jar:/Users/michelle/.m2/repository/org/glassfish/jersey/media/jersey-media-json-jackson/2.23.1/jersey-media-json-jackson-2.23.1.jar:/Users/michelle/.m2/repository/org/glassfish/jersey/ext/jersey-entity-filtering/2.46/jersey-entity-filtering-2.46.jar:/Users/michelle/.m2/repository/com/fasterxml/jackson/jaxrs/jackson-jaxrs-base/2.5.4/jackson-jaxrs-base-2.5.4.jar:/Users/michelle/.m2/repository/com/fasterxml/jackson/jaxrs/jackson-jaxrs-json-provider/2.5.4/jackson-jaxrs-json-provider-2.5.4.jar:/Users/michelle/.m2/repository/com/fasterxml/jackson/module/jackson-module-jaxb-annotations/2.5.4/jackson-module-jaxb-annotations-2.5.4.jar:/Users/michelle/.m2/repository/org/jooq/jooq/3.19.16/jooq-3.19.16.jar:/Users/michelle/.m2/repository/io/r2dbc/r2dbc-spi/1.0.0.RELEASE/r2dbc-spi-1.0.0.RELEASE.jar:/Users/michelle/.m2/repository/org/reactivestreams/reactive-streams/1.0.3/reactive-streams-1.0.3.jar:/Users/michelle/.m2/repository/org/jooq/jooq-meta/3.19.16/jooq-meta-3.19.16.jar:/Users/michelle/.m2/repository/jakarta/xml/bind/jakarta.xml.bind-api/4.0.0/jakarta.xml.bind-api-4.0.0.jar:/Users/michelle/.m2/repository/jakarta/activation/jakarta.activation-api/2.1.0/jakarta.activation-api-2.1.0.jar:/Users/michelle/.m2/repository/org/jooq/jooq-codegen/3.19.16/jooq-codegen-3.19.16.jar:/Users/michelle/.m2/repository/org/junit/jupiter/junit-jupiter/5.11.0/junit-jupiter-5.11.0.jar:/Users/michelle/.m2/repository/org/junit/jupiter/junit-jupiter-api/5.11.0/junit-jupiter-api-5.11.0.jar:/Users/michelle/.m2/repository/org/opentest4j/opentest4j/1.3.0/opentest4j-1.3.0.jar:/Users/michelle/.m2/repository/org/junit/platform/junit-platform-commons/1.11.0/junit-platform-commons-1.11.0.jar:/Users/michelle/.m2/repository/org/apiguardian/apiguardian-api/1.1.2/apiguardian-api-1.1.2.jar:/Users/michelle/.m2/repository/org/junit/jupiter/junit-jupiter-params/5.11.0/junit-jupiter-params-5.11.0.jar:/Users/michelle/.m2/repository/org/junit/jupiter/junit-jupiter-engine/5.11.0/junit-jupiter-engine-5.11.0.jar:/Users/michelle/.m2/repository/org/junit/platform/junit-platform-engine/1.11.0/junit-platform-engine-1.11.0.jar:/Users/michelle/.m2/repository/com/mysql/mysql-connector-j/9.1.0/mysql-connector-j-9.1.0.jar:/Users/michelle/.m2/repository/com/google/protobuf/protobuf-java/4.26.1/protobuf-java-4.26.1.jar:/Users/michelle/.m2/repository/org/flywaydb/flyway-core/11.1.0/flyway-core-11.1.0.jar:/Users/michelle/.m2/repository/com/fasterxml/jackson/dataformat/jackson-dataformat-toml/2.15.2/jackson-dataformat-toml-2.15.2.jar:/Users/michelle/.m2/repository/com/fasterxml/jackson/datatype/jackson-datatype-jsr310/2.15.2/jackson-datatype-jsr310-2.15.2.jar:/Users/michelle/.m2/repository/org/flywaydb/flyway-mysql/11.1.0/flyway-mysql-11.1.0.jar:"/>
    <property name="sun.cpu.endian" value="little"/>
    <property name="user.home" value="/Users/michelle"/>
    <property name="user.language" value="en"/>
    <property name="java.specification.vendor" value="Oracle Corporation"/>
    <property name="java.version.date" value="2024-10-15"/>
    <property name="java.home" value="/opt/homebrew/Cellar/openjdk/23.0.1/libexec/openjdk.jdk/Contents/Home"/>
    <property name="file.separator" value="/"/>
    <property name="basedir" value="/Users/michelle/code/contador"/>
    <property name="java.vm.compressedOopsMode" value="Zero based"/>
    <property name="line.separator" value="&#10;"/>
    <property name="java.vm.specification.vendor" value="Oracle Corporation"/>
    <property name="java.specification.name" value="Java Platform API Specification"/>
    <property name="apple.awt.application.name" value="ForkedBooter"/>
    <property name="surefire.real.class.path" value="/Users/michelle/code/contador/target/surefire/surefirebooter-20250112170355731_3.jar"/>
    <property name="polyglot.engine.WarnInterpreterOnly" value="false"/>
    <property name="sun.management.compiler" value="HotSpot 64-Bit Tiered Compilers"/>
    <property name="ftp.nonProxyHosts" value="local|*.local|169.254/16|*.169.254/16"/>
    <property name="java.runtime.version" value="23.0.1"/>
    <property name="user.name" value="michelle"/>
    <property name="stdout.encoding" value="UTF-8"/>
    <property name="path.separator" value=":"/>
    <property name="os.version" value="15.1.1"/>
    <property name="java.runtime.name" value="OpenJDK Runtime Environment"/>
    <property name="file.encoding" value="UTF-8"/>
    <property name="java.vm.name" value="OpenJDK 64-Bit Server VM"/>
    <property name="java.vendor.version" value="Homebrew"/>
    <property name="localRepository" value="/Users/michelle/.m2/repository"/>
    <property name="java.vendor.url.bug" value="https://github.com/Homebrew/homebrew-core/issues"/>
    <property name="java.io.tmpdir" value="/var/folders/cp/_6mfsxcn61n8l93_4j7gv78r0000gn/T/"/>
    <property name="java.version" value="23.0.1"/>
    <property name="user.dir" value="/Users/michelle/code/contador"/>
    <property name="os.arch" value="aarch64"/>
    <property name="java.vm.specification.name" value="Java Virtual Machine Specification"/>
    <property name="native.encoding" value="UTF-8"/>
    <property name="java.library.path" value="/Users/michelle/Library/Java/Extensions:/Library/Java/Extensions:/Network/Library/Java/Extensions:/System/Library/Java/Extensions:/usr/lib/java:."/>
    <property name="java.vm.info" value="mixed mode, sharing"/>
    <property name="stderr.encoding" value="UTF-8"/>
    <property name="java.vendor" value="Homebrew"/>
    <property name="java.vm.version" value="23.0.1"/>
    <property name="sun.io.unicode.encoding" value="UnicodeBig"/>
    <property name="socksNonProxyHosts" value="local|*.local|169.254/16|*.169.254/16"/>
    <property name="java.class.version" value="67.0"/>
  </properties>
  <testcase name="testGetIt" classname="com.cuenta.contador.MyResourceTest" time="1.937">
    <system-out><![CDATA[Migrating...
]]></system-out>
    <system-err><![CDATA[Jan 12, 2025 5:03:57 PM org.flywaydb.core.FlywayExecutor execute
INFO: Database: jdbc:mysql://localhost:3306/contadordb (MySQL 9.1)
Jan 12, 2025 5:03:57 PM org.flywaydb.core.internal.database.base.Database recommendFlywayUpgrade
WARNING: Flyway upgrade recommended: MySQL 9.1 is newer than this version of Flyway and support has not been tested. The latest supported version of MySQL is 8.1.
Jan 12, 2025 5:03:57 PM org.flywaydb.core.internal.command.DbValidate validate
INFO: Successfully validated 5 migrations (execution time 00:00.043s)
Jan 12, 2025 5:03:57 PM org.flywaydb.core.internal.command.DbMigrate migrateGroup
INFO: Current version of schema `contadordb`: 1.1.5
Jan 12, 2025 5:03:57 PM org.flywaydb.core.internal.command.DbMigrate logSummary
INFO: Schema `contadordb` is up to date. No migration necessary.
Jan 12, 2025 5:03:57 PM org.glassfish.jersey.message.internal.MessagingBinders$EnabledProvidersBinder bindToBinder
WARNING: A class javax.activation.DataSource for a default provider MessageBodyWriter<javax.activation.DataSource> was not found. The provider is not available.
Jan 12, 2025 5:03:57 PM org.glassfish.jersey.server.wadl.WadlFeature configure
WARNING: JAX-B API not found . WADL feature is disabled.
Jan 12, 2025 5:03:58 PM org.glassfish.grizzly.http.server.NetworkListener start
INFO: Started listener bound to [localhost:8080]
Jan 12, 2025 5:03:58 PM org.glassfish.grizzly.http.server.HttpServer start
INFO: [HttpServer] Started.
Jan 12, 2025 5:03:58 PM org.glassfish.grizzly.http.server.NetworkListener shutdownNow
INFO: Stopped listener bound to [localhost:8080]
]]></system-err>
  </testcase>
</testsuite>